#
# There is insufficient memory for the Java Runtime Environment to continue.
# Native memory allocation (mmap) failed to map 103809024 bytes for G1 virtual space
# Possible reasons:
#   The system is out of physical RAM or swap space
#   The process is running with CompressedOops enabled, and the Java Heap may be blocking the growth of the native heap
# Possible solutions:
#   Reduce memory load on the system
#   Increase physical memory or swap space
#   Check if swap backing store is full
#   Decrease Java heap size (-Xmx/-Xms)
#   Decrease number of Java threads
#   Decrease Java thread stack sizes (-Xss)
#   Set larger code cache with -XX:ReservedCodeCacheSize=
#   JVM is running with Unscaled Compressed Oops mode in which the Java heap is
#     placed in the first 4GB address space. The Java Heap base address is the
#     maximum limit for the native heap growth. Please use -XX:HeapBaseMinAddress
#     to set the Java Heap base and to place the Java Heap above 4GB virtual address.
# This output file may be truncated or incomplete.
#
#  Out of Memory Error (os_windows.cpp:3469), pid=7036, tid=596
#
# JRE version: Java(TM) SE Runtime Environment (17.0+35) (build 17+35-LTS-2724)
# Java VM: Java HotSpot(TM) 64-Bit Server VM (17+35-LTS-2724, mixed mode, sharing, tiered, compressed oops, compressed class ptrs, g1 gc, windows-amd64)
# No core dump will be written. Minidumps are not enabled by default on client versions of Windows
#

---------------  S U M M A R Y ------------

Command Line: -XX:MaxMetaspaceSize=512m --add-opens=java.base/java.util=ALL-UNNAMED --add-opens=java.base/java.lang=ALL-UNNAMED --add-opens=java.base/java.lang.invoke=ALL-UNNAMED --add-opens=java.prefs/java.util.prefs=ALL-UNNAMED --add-opens=java.base/java.nio.charset=ALL-UNNAMED --add-opens=java.base/java.net=ALL-UNNAMED --add-opens=java.base/java.util.concurrent.atomic=ALL-UNNAMED -Xmx2048m -Dfile.encoding=windows-1252 -Duser.country=MA -Duser.language=fr -Duser.variant -javaagent:C:\Users\RAJAA\.gradle\wrapper\dists\gradle-8.3-all\6en3ugtfdg5xnpx44z4qbwgas\gradle-8.3\lib\agents\gradle-instrumentation-agent-8.3.jar org.gradle.launcher.daemon.bootstrap.GradleDaemon 8.3

Host: 11th Gen Intel(R) Core(TM) i5-11320H @ 3.20GHz, 8 cores, 15G,  Windows 10 , 64 bit Build 22621 (10.0.22621.4391)
Time: Mon Dec 30 18:35:45 2024 Est elapsed time: 43.525696 seconds (0d 0h 0m 43s)

---------------  T H R E A D  ---------------

Current thread (0x000001c2c2216a00):  VMThread "VM Thread" [stack: 0x000000541a800000,0x000000541a900000] [id=596]

Stack: [0x000000541a800000,0x000000541a900000]
Native frames: (J=compiled Java code, j=interpreted, Vv=VM code, C=native code)
V  [jvm.dll+0x66f8ea]
V  [jvm.dll+0x7ce224]
V  [jvm.dll+0x7cf9ce]
V  [jvm.dll+0x7d0033]
V  [jvm.dll+0x242bb5]
V  [jvm.dll+0x66c909]
V  [jvm.dll+0x6613d2]
V  [jvm.dll+0x30082b]
V  [jvm.dll+0x307db6]
V  [jvm.dll+0x357a0e]
V  [jvm.dll+0x357c3f]
V  [jvm.dll+0x2d7ae8]
V  [jvm.dll+0x2d5db4]
V  [jvm.dll+0x2d53bc]
V  [jvm.dll+0x318d1b]
V  [jvm.dll+0x7d44cb]
V  [jvm.dll+0x7d5204]
V  [jvm.dll+0x7d571c]
V  [jvm.dll+0x7d5af4]
V  [jvm.dll+0x7d5bc0]
V  [jvm.dll+0x77e7ea]
V  [jvm.dll+0x66e715]
C  [ucrtbase.dll+0x29333]
C  [KERNEL32.DLL+0x1259d]
C  [ntdll.dll+0x5af38]

VM_Operation (0x000000541c0ee9c0): G1CollectForAllocation, mode: safepoint, requested by thread 0x000001c2c47ba760


---------------  P R O C E S S  ---------------

Threads class SMR info:
_java_thread_list=0x000001c2c822d950, length=91, elements={
0x000001c2a407fde0, 0x000001c2c2218480, 0x000001c2c2c01190, 0x000001c2c2c0cb60,
0x000001c2c2c0d710, 0x000001c2c2c124e0, 0x000001c2c2c12e90, 0x000001c2c2c13c20,
0x000001c2c2c166d0, 0x000001c2c2c8f0f0, 0x000001c2c2201fb0, 0x000001c2c2de3f50,
0x000001c2c499ebc0, 0x000001c2c492c640, 0x000001c2c3c02250, 0x000001c2c515b6e0,
0x000001c2c50a9370, 0x000001c2c4722bd0, 0x000001c2c47ba760, 0x000001c2c52d3320,
0x000001c2c52d1640, 0x000001c2c52d07d0, 0x000001c2c52d0ca0, 0x000001c2c52d1b10,
0x000001c2c52d1170, 0x000001c2c52d1fe0, 0x000001c2c52d2e50, 0x000001c2c52d37f0,
0x000001c2c52d24b0, 0x000001c2c52d2980, 0x000001c2c52cfe30, 0x000001c2c52d0300,
0x000001c2c5c5f910, 0x000001c2c5c61f90, 0x000001c2c5c5fde0, 0x000001c2c5c5eaa0,
0x000001c2c5c5d760, 0x000001c2c5c5e100, 0x000001c2c5c61120, 0x000001c2c5c615f0,
0x000001c2c5c5ac10, 0x000001c2c5c5e5d0, 0x000001c2c5c5c8f0, 0x000001c2c5c5b5b0,
0x000001c2c5c5ba80, 0x000001c2c5c5bf50, 0x000001c2c5c5cdc0, 0x000001c2c5c5ef70,
0x000001c2c395c110, 0x000001c2c395e2c0, 0x000001c2c395b770, 0x000001c2c3961c80,
0x000001c2c395cf80, 0x000001c2c395ddf0, 0x000001c2c395e790, 0x000001c2c395bc40,
0x000001c2c395b2a0, 0x000001c2c395d450, 0x000001c2c395c5e0, 0x000001c2c395cab0,
0x000001c2c395d920, 0x000001c2c395f600, 0x000001c2c3962150, 0x000001c2c395fad0,
0x000001c2c3960470, 0x000001c2c3960940, 0x000001c2c39617b0, 0x000001c2c3960e10,
0x000001c2c3962620, 0x000001c2c67acff0, 0x000001c2c67ae800, 0x000001c2c67afb40,
0x000001c2c67aecd0, 0x000001c2c67af1a0, 0x000001c2c67af670, 0x000001c2c67b0010,
0x000001c2c67b04e0, 0x000001c2c67acb20, 0x000001c2c67ad4c0, 0x000001c2c67ad990,
0x000001c2c67ade60, 0x000001c2c67ae330, 0x000001c2c5f82110, 0x000001c2c5f80430,
0x000001c2c5f825e0, 0x000001c2c5f82ab0, 0x000001c2c5f80dd0, 0x000001c2c5f82f80,
0x000001c2c5f80900, 0x000001c2c5f812a0, 0x000001c2c5f81770
}

Java Threads: ( => current thread )
  0x000001c2a407fde0 JavaThread "main" [_thread_blocked, id=13876, stack(0x000000541a200000,0x000000541a300000)]
  0x000001c2c2218480 JavaThread "Reference Handler" daemon [_thread_blocked, id=24056, stack(0x000000541a900000,0x000000541aa00000)]
  0x000001c2c2c01190 JavaThread "Finalizer" daemon [_thread_blocked, id=26016, stack(0x000000541aa00000,0x000000541ab00000)]
  0x000001c2c2c0cb60 JavaThread "Signal Dispatcher" daemon [_thread_blocked, id=28264, stack(0x000000541ab00000,0x000000541ac00000)]
  0x000001c2c2c0d710 JavaThread "Attach Listener" daemon [_thread_blocked, id=13260, stack(0x000000541ac00000,0x000000541ad00000)]
  0x000001c2c2c124e0 JavaThread "Service Thread" daemon [_thread_blocked, id=27428, stack(0x000000541ad00000,0x000000541ae00000)]
  0x000001c2c2c12e90 JavaThread "Monitor Deflation Thread" daemon [_thread_blocked, id=26360, stack(0x000000541ae00000,0x000000541af00000)]
  0x000001c2c2c13c20 JavaThread "C2 CompilerThread0" daemon [_thread_blocked, id=26440, stack(0x000000541af00000,0x000000541b000000)]
  0x000001c2c2c166d0 JavaThread "C1 CompilerThread0" daemon [_thread_blocked, id=22068, stack(0x000000541b000000,0x000000541b100000)]
  0x000001c2c2c8f0f0 JavaThread "Sweeper thread" daemon [_thread_blocked, id=25676, stack(0x000000541b100000,0x000000541b200000)]
  0x000001c2c2201fb0 JavaThread "Common-Cleaner" daemon [_thread_blocked, id=6280, stack(0x000000541b200000,0x000000541b300000)]
  0x000001c2c2de3f50 JavaThread "Notification Thread" daemon [_thread_blocked, id=21500, stack(0x000000541b300000,0x000000541b400000)]
  0x000001c2c499ebc0 JavaThread "Daemon health stats" [_thread_blocked, id=22116, stack(0x000000541bb00000,0x000000541bc00000)]
  0x000001c2c492c640 JavaThread "Incoming local TCP Connector on port 62511" [_thread_in_native, id=6168, stack(0x000000541b500000,0x000000541b600000)]
  0x000001c2c3c02250 JavaThread "Daemon periodic checks" [_thread_blocked, id=15760, stack(0x000000541bc00000,0x000000541bd00000)]
  0x000001c2c515b6e0 JavaThread "Daemon" [_thread_blocked, id=20028, stack(0x000000541bd00000,0x000000541be00000)]
  0x000001c2c50a9370 JavaThread "Handler for socket connection from /127.0.0.1:62511 to /127.0.0.1:62512" [_thread_in_native, id=10360, stack(0x000000541be00000,0x000000541bf00000)]
  0x000001c2c4722bd0 JavaThread "Cancel handler" [_thread_blocked, id=12756, stack(0x000000541bf00000,0x000000541c000000)]
  0x000001c2c47ba760 JavaThread "Daemon worker" [_thread_blocked, id=19048, stack(0x000000541c000000,0x000000541c100000)]
  0x000001c2c52d3320 JavaThread "Asynchronous log dispatcher for DefaultDaemonConnection: socket connection from /127.0.0.1:62511 to /127.0.0.1:62512" [_thread_blocked, id=1368, stack(0x000000541c100000,0x000000541c200000)]
  0x000001c2c52d1640 JavaThread "Stdin handler" [_thread_blocked, id=12276, stack(0x000000541c200000,0x000000541c300000)]
  0x000001c2c52d07d0 JavaThread "Daemon client event forwarder" [_thread_blocked, id=10344, stack(0x000000541c300000,0x000000541c400000)]
  0x000001c2c52d0ca0 JavaThread "Cache worker for journal cache (C:\Users\RAJAA\.gradle\caches\journal-1)" [_thread_blocked, id=2488, stack(0x000000541c400000,0x000000541c500000)]
  0x000001c2c52d1b10 JavaThread "File lock request listener" [_thread_in_native, id=20088, stack(0x000000541c500000,0x000000541c600000)]
  0x000001c2c52d1170 JavaThread "Cache worker for file hash cache (C:\Users\RAJAA\.gradle\caches\8.3\fileHashes)" [_thread_blocked, id=1476, stack(0x000000541c700000,0x000000541c800000)]
  0x000001c2c52d1fe0 JavaThread "File watcher server" daemon [_thread_blocked, id=28268, stack(0x000000541c800000,0x000000541c900000)]
  0x000001c2c52d2e50 JavaThread "File watcher consumer" daemon [_thread_blocked, id=19012, stack(0x000000541c900000,0x000000541ca00000)]
  0x000001c2c52d37f0 JavaThread "Cache worker for checksums cache (C:\Users\RAJAA\Documents\Slimane\save_panier_v1\ForsaPlus\android\.gradle\8.3\checksums)" [_thread_blocked, id=11448, stack(0x000000541ca00000,0x000000541cb00000)]
  0x000001c2c52d24b0 JavaThread "Cache worker for file hash cache (C:\Users\RAJAA\Documents\Slimane\save_panier_v1\ForsaPlus\android\.gradle\8.3\fileHashes)" [_thread_blocked, id=5180, stack(0x000000541cb00000,0x000000541cc00000)]
  0x000001c2c52d2980 JavaThread "Cache worker for cache directory md-supplier (C:\Users\RAJAA\.gradle\caches\8.3\md-supplier)" [_thread_blocked, id=11832, stack(0x000000541c600000,0x000000541c700000)]
  0x000001c2c52cfe30 JavaThread "Cache worker for file content cache (C:\Users\RAJAA\.gradle\caches\8.3\fileContent)" [_thread_blocked, id=26168, stack(0x000000541cc00000,0x000000541cd00000)]
  0x000001c2c52d0300 JavaThread "Cache worker for cache directory md-rule (C:\Users\RAJAA\.gradle\caches\8.3\md-rule)" [_thread_blocked, id=7684, stack(0x000000541d000000,0x000000541d100000)]
  0x000001c2c5c5f910 JavaThread "Cache worker for execution history cache (C:\Users\RAJAA\.gradle\caches\8.3\executionHistory)" [_thread_blocked, id=21156, stack(0x000000541d100000,0x000000541d200000)]
  0x000001c2c5c61f90 JavaThread "jar transforms" [_thread_blocked, id=11580, stack(0x000000541d300000,0x000000541d400000)]
  0x000001c2c5c5fde0 JavaThread "jar transforms Thread 2" [_thread_blocked, id=21996, stack(0x000000541d400000,0x000000541d500000)]
  0x000001c2c5c5eaa0 JavaThread "jar transforms Thread 3" [_thread_blocked, id=27184, stack(0x000000541d200000,0x000000541d300000)]
  0x000001c2c5c5d760 JavaThread "jar transforms Thread 4" [_thread_blocked, id=15012, stack(0x000000541d600000,0x000000541d700000)]
  0x000001c2c5c5e100 JavaThread "File lock release action executor" [_thread_blocked, id=12480, stack(0x000000541d500000,0x000000541d600000)]
  0x000001c2c5c61120 JavaThread "Cache worker for kotlin-dsl (C:\Users\RAJAA\.gradle\caches\8.3\kotlin-dsl)" [_thread_blocked, id=29132, stack(0x000000541da00000,0x000000541db00000)]
  0x000001c2c5c615f0 JavaThread "jar transforms Thread 5" [_thread_blocked, id=29252, stack(0x000000541db00000,0x000000541dc00000)]
  0x000001c2c5c5ac10 JavaThread "jar transforms Thread 6" [_thread_blocked, id=29256, stack(0x000000541dc00000,0x000000541dd00000)]
  0x000001c2c5c5e5d0 JavaThread "Unconstrained build operations" [_thread_blocked, id=29436, stack(0x000000541dd00000,0x000000541de00000)]
  0x000001c2c5c5c8f0 JavaThread "Unconstrained build operations Thread 2" [_thread_blocked, id=29440, stack(0x000000541de00000,0x000000541df00000)]
  0x000001c2c5c5b5b0 JavaThread "jar transforms Thread 7" [_thread_blocked, id=29468, stack(0x000000541df00000,0x000000541e000000)]
  0x000001c2c5c5ba80 JavaThread "jar transforms Thread 8" [_thread_blocked, id=29472, stack(0x000000541e000000,0x000000541e100000)]
  0x000001c2c5c5bf50 JavaThread "Cache worker for dependencies-accessors (C:\Users\RAJAA\Documents\Slimane\save_panier_v1\ForsaPlus\android\.gradle\8.3\dependencies-accessors)" [_thread_blocked, id=29548, stack(0x000000541e100000,0x000000541e200000)]
  0x000001c2c5c5cdc0 JavaThread "Cache worker for Build Output Cleanup Cache (C:\Users\RAJAA\Documents\Slimane\save_panier_v1\ForsaPlus\node_modules\@react-native\gradle-plugin\.gradle\buildOutputCleanup)" [_thread_blocked, id=29612, stack(0x000000541e200000,0x000000541e300000)]
  0x000001c2c5c5ef70 JavaThread "Unconstrained build operations Thread 3" [_thread_blocked, id=29616, stack(0x000000541e300000,0x000000541e400000)]
  0x000001c2c395c110 JavaThread "Unconstrained build operations Thread 4" [_thread_blocked, id=29620, stack(0x000000541e400000,0x000000541e500000)]
  0x000001c2c395e2c0 JavaThread "Unconstrained build operations Thread 5" [_thread_blocked, id=29624, stack(0x000000541e500000,0x000000541e600000)]
  0x000001c2c395b770 JavaThread "Unconstrained build operations Thread 6" [_thread_blocked, id=29628, stack(0x000000541e600000,0x000000541e700000)]
  0x000001c2c3961c80 JavaThread "Unconstrained build operations Thread 7" [_thread_blocked, id=29632, stack(0x000000541e700000,0x000000541e800000)]
  0x000001c2c395cf80 JavaThread "Unconstrained build operations Thread 8" [_thread_blocked, id=29636, stack(0x000000541e800000,0x000000541e900000)]
  0x000001c2c395ddf0 JavaThread "Unconstrained build operations Thread 9" [_thread_blocked, id=29640, stack(0x000000541e900000,0x000000541ea00000)]
  0x000001c2c395e790 JavaThread "Memory manager" [_thread_blocked, id=5812, stack(0x000000541ea00000,0x000000541eb00000)]
  0x000001c2c395bc40 JavaThread "Cache worker for Build Output Cleanup Cache (C:\Users\RAJAA\Documents\Slimane\save_panier_v1\ForsaPlus\android\.gradle\buildOutputCleanup)" [_thread_blocked, id=23488, stack(0x000000541eb00000,0x000000541ec00000)]
  0x000001c2c395b2a0 JavaThread "ForkJoinPool.commonPool-worker-1" daemon [_thread_blocked, id=20596, stack(0x000000541ec00000,0x000000541ed00000)]
  0x000001c2c395d450 JavaThread "ForkJoinPool.commonPool-worker-2" daemon [_thread_blocked, id=12260, stack(0x000000541ed00000,0x000000541ee00000)]
  0x000001c2c395c5e0 JavaThread "ForkJoinPool.commonPool-worker-3" daemon [_thread_blocked, id=26860, stack(0x000000541ee00000,0x000000541ef00000)]
  0x000001c2c395cab0 JavaThread "ForkJoinPool.commonPool-worker-4" daemon [_thread_blocked, id=19728, stack(0x000000541ef00000,0x000000541f000000)]
  0x000001c2c395d920 JavaThread "ForkJoinPool.commonPool-worker-5" daemon [_thread_blocked, id=1156, stack(0x000000541f000000,0x000000541f100000)]
  0x000001c2c395f600 JavaThread "ForkJoinPool.commonPool-worker-6" daemon [_thread_blocked, id=15928, stack(0x000000541f100000,0x000000541f200000)]
  0x000001c2c3962150 JavaThread "ForkJoinPool.commonPool-worker-7" daemon [_thread_blocked, id=22708, stack(0x000000541f200000,0x000000541f300000)]
  0x000001c2c395fad0 JavaThread "Exec process" daemon [_thread_blocked, id=18780, stack(0x000000541f300000,0x000000541f400000)]
  0x000001c2c3960470 JavaThread "Exec process Thread 2" daemon [_thread_blocked, id=28736, stack(0x000000541f400000,0x000000541f500000)]
  0x000001c2c3960940 JavaThread "Exec process Thread 3" daemon [_thread_blocked, id=28740, stack(0x000000541f500000,0x000000541f600000)]
  0x000001c2c39617b0 JavaThread "included builds" [_thread_blocked, id=20988, stack(0x000000541f600000,0x000000541f700000)]
  0x000001c2c3960e10 JavaThread "Execution worker" [_thread_blocked, id=24312, stack(0x000000541f700000,0x000000541f800000)]
  0x000001c2c3962620 JavaThread "Execution worker Thread 2" [_thread_blocked, id=22040, stack(0x000000541f800000,0x000000541f900000)]
  0x000001c2c67acff0 JavaThread "Execution worker Thread 3" [_thread_blocked, id=28884, stack(0x000000541f900000,0x000000541fa00000)]
  0x000001c2c67ae800 JavaThread "Execution worker Thread 4" [_thread_blocked, id=28888, stack(0x000000541fa00000,0x000000541fb00000)]
  0x000001c2c67afb40 JavaThread "Execution worker Thread 5" [_thread_blocked, id=28892, stack(0x000000541fb00000,0x000000541fc00000)]
  0x000001c2c67aecd0 JavaThread "Execution worker Thread 6" [_thread_blocked, id=28896, stack(0x000000541fc00000,0x000000541fd00000)]
  0x000001c2c67af1a0 JavaThread "Execution worker Thread 7" [_thread_blocked, id=28900, stack(0x000000541fd00000,0x000000541fe00000)]
  0x000001c2c67af670 JavaThread "Cache worker for execution history cache (C:\Users\RAJAA\Documents\Slimane\save_panier_v1\ForsaPlus\node_modules\@react-native\gradle-plugin\.gradle\8.3\executionHistory)" [_thread_blocked, id=28904, stack(0x000000541fe00000,0x000000541ff00000)]
  0x000001c2c67b0010 JavaThread "Unconstrained build operations Thread 10" [_thread_blocked, id=28932, stack(0x000000541ff00000,0x0000005420000000)]
  0x000001c2c67b04e0 JavaThread "Unconstrained build operations Thread 11" [_thread_blocked, id=28936, stack(0x0000005420000000,0x0000005420100000)]
  0x000001c2c67acb20 JavaThread "Unconstrained build operations Thread 12" [_thread_blocked, id=28940, stack(0x0000005420100000,0x0000005420200000)]
  0x000001c2c67ad4c0 JavaThread "Unconstrained build operations Thread 13" [_thread_blocked, id=28944, stack(0x0000005420200000,0x0000005420300000)]
  0x000001c2c67ad990 JavaThread "Unconstrained build operations Thread 14" [_thread_blocked, id=28948, stack(0x0000005420300000,0x0000005420400000)]
  0x000001c2c67ade60 JavaThread "Unconstrained build operations Thread 15" [_thread_blocked, id=28916, stack(0x0000005420400000,0x0000005420500000)]
  0x000001c2c67ae330 JavaThread "Unconstrained build operations Thread 16" [_thread_blocked, id=11588, stack(0x0000005420500000,0x0000005420600000)]
  0x000001c2c5f82110 JavaThread "Unconstrained build operations Thread 17" [_thread_blocked, id=29064, stack(0x0000005420600000,0x0000005420700000)]
  0x000001c2c5f80430 JavaThread "Unconstrained build operations Thread 18" [_thread_blocked, id=25584, stack(0x0000005420700000,0x0000005420800000)]
  0x000001c2c5f825e0 JavaThread "Unconstrained build operations Thread 19" [_thread_blocked, id=6524, stack(0x0000005420800000,0x0000005420900000)]
  0x000001c2c5f82ab0 JavaThread "Unconstrained build operations Thread 20" [_thread_blocked, id=28860, stack(0x0000005420900000,0x0000005420a00000)]
  0x000001c2c5f80dd0 JavaThread "Unconstrained build operations Thread 21" [_thread_blocked, id=28864, stack(0x0000005420a00000,0x0000005420b00000)]
  0x000001c2c5f82f80 JavaThread "Unconstrained build operations Thread 22" [_thread_blocked, id=28852, stack(0x0000005420b00000,0x0000005420c00000)]
  0x000001c2c5f80900 JavaThread "Unconstrained build operations Thread 23" [_thread_blocked, id=28856, stack(0x0000005420c00000,0x0000005420d00000)]
  0x000001c2c5f812a0 JavaThread "Unconstrained build operations Thread 24" [_thread_blocked, id=26560, stack(0x0000005420d00000,0x0000005420e00000)]
  0x000001c2c5f81770 JavaThread "Unconstrained build operations Thread 25" [_thread_blocked, id=23560, stack(0x0000005420e00000,0x0000005420f00000)]

Other Threads:
=>0x000001c2c2216a00 VMThread "VM Thread" [stack: 0x000000541a800000,0x000000541a900000] [id=596]
  0x000001c2a40e43b0 WatcherThread [stack: 0x000000541b400000,0x000000541b500000] [id=280]
  0x000001c2a1eae840 GCTaskThread "GC Thread#0" [stack: 0x000000541a300000,0x000000541a400000] [id=23480]
  0x000001c2c3852540 GCTaskThread "GC Thread#1" [stack: 0x000000541b600000,0x000000541b700000] [id=14320]
  0x000001c2c38527f0 GCTaskThread "GC Thread#2" [stack: 0x000000541b700000,0x000000541b800000] [id=27620]
  0x000001c2c35e13b0 GCTaskThread "GC Thread#3" [stack: 0x000000541b800000,0x000000541b900000] [id=15300]
  0x000001c2c35e1660 GCTaskThread "GC Thread#4" [stack: 0x000000541b900000,0x000000541ba00000] [id=2544]
  0x000001c2c35e1910 GCTaskThread "GC Thread#5" [stack: 0x000000541ba00000,0x000000541bb00000] [id=19892]
  0x000001c2c8220d50 GCTaskThread "GC Thread#6" [stack: 0x000000541cd00000,0x000000541ce00000] [id=23196]
  0x000001c2c8220380 GCTaskThread "GC Thread#7" [stack: 0x000000541ce00000,0x000000541cf00000] [id=27792]
  0x000001c2a40cabf0 ConcurrentGCThread "G1 Main Marker" [stack: 0x000000541a400000,0x000000541a500000] [id=4036]
  0x000001c2a40cb510 ConcurrentGCThread "G1 Conc#0" [stack: 0x000000541a500000,0x000000541a600000] [id=28380]
  0x000001c2c659ca20 ConcurrentGCThread "G1 Conc#1" [stack: 0x000000541cf00000,0x000000541d000000] [id=7024]
  0x000001c2a413ecf0 ConcurrentGCThread "G1 Refine#0" [stack: 0x000000541a600000,0x000000541a700000] [id=22976]
  0x000001c2c20ce580 ConcurrentGCThread "G1 Service" [stack: 0x000000541a700000,0x000000541a800000] [id=12252]

Threads with active compile tasks:
C2 CompilerThread0    43640 9276       4       java.lang.Class::getMethod (59 bytes)
C1 CompilerThread0    43640 9319       3       com.sun.beans.introspect.EventSetInfo::get (373 bytes)

VM state: at safepoint (normal execution)

VM Mutex/Monitor currently owned by a thread:  ([mutex/lock_event])
[0x000001c2a407c2a0] Threads_lock - owner thread: 0x000001c2c2216a00
[0x000001c2a407b760] Heap_lock - owner thread: 0x000001c2c47ba760

Heap address: 0x0000000080000000, size: 2048 MB, Compressed Oops mode: 32-bit

CDS archive(s) mapped at: [0x0000000800000000-0x0000000800bc0000-0x0000000800bc0000), size 12320768, SharedBaseAddress: 0x0000000800000000, ArchiveRelocationMode: 0.
Compressed class space mapped at: 0x0000000800c00000-0x000000081a800000, reserved size: 432013312
Narrow klass base: 0x0000000800000000, Narrow klass shift: 0, Narrow klass range: 0x100000000

GC Precious Log:
 CPUs: 8 total, 8 available
 Memory: 16167M
 Large Page Support: Disabled
 NUMA Support: Disabled
 Compressed Oops: Enabled (32-bit)
 Heap Region Size: 1M
 Heap Min Capacity: 8M
 Heap Initial Capacity: 254M
 Heap Max Capacity: 2G
 Pre-touch: Disabled
 Parallel Workers: 8
 Concurrent Workers: 2
 Concurrent Refinement Workers: 8
 Periodic GC: Disabled

Heap:
 garbage-first heap   total 158720K, used 92489K [0x0000000080000000, 0x0000000100000000)
  region size 1024K, 4 young (4096K), 4 survivors (4096K)
 Metaspace       used 77003K, committed 77760K, reserved 495616K
  class space    used 10742K, committed 11072K, reserved 421888K

Heap Regions: E=young(eden), S=young(survivor), O=old, HS=humongous(starts), HC=humongous(continues), CS=collection set, F=free, OA=open archive, CA=closed archive, TAMS=top-at-mark-start (previous, next)
|   0|0x0000000080000000, 0x0000000080100000, 0x0000000080100000|100%|HS|  |TAMS 0x0000000080100000, 0x0000000080100000| Complete 
|   1|0x0000000080100000, 0x0000000080200000, 0x0000000080200000|100%|HC|  |TAMS 0x0000000080200000, 0x0000000080200000| Complete 
|   2|0x0000000080200000, 0x0000000080300000, 0x0000000080300000|100%|HC|  |TAMS 0x0000000080300000, 0x0000000080300000| Complete 
|   3|0x0000000080300000, 0x0000000080400000, 0x0000000080400000|100%|HC|  |TAMS 0x0000000080400000, 0x0000000080400000| Complete 
|   4|0x0000000080400000, 0x0000000080500000, 0x0000000080500000|100%| O|  |TAMS 0x0000000080500000, 0x0000000080500000| Untracked 
|   5|0x0000000080500000, 0x0000000080600000, 0x0000000080600000|100%| O|  |TAMS 0x0000000080600000, 0x0000000080600000| Untracked 
|   6|0x0000000080600000, 0x0000000080700000, 0x0000000080700000|100%| O|  |TAMS 0x0000000080700000, 0x0000000080700000| Untracked 
|   7|0x0000000080700000, 0x0000000080800000, 0x0000000080800000|100%| O|  |TAMS 0x0000000080800000, 0x0000000080800000| Untracked 
|   8|0x0000000080800000, 0x0000000080900000, 0x0000000080900000|100%| O|  |TAMS 0x0000000080900000, 0x0000000080900000| Untracked 
|   9|0x0000000080900000, 0x0000000080a00000, 0x0000000080a00000|100%| O|  |TAMS 0x0000000080a00000, 0x0000000080a00000| Untracked 
|  10|0x0000000080a00000, 0x0000000080b00000, 0x0000000080b00000|100%| O|  |TAMS 0x0000000080b00000, 0x0000000080b00000| Untracked 
|  11|0x0000000080b00000, 0x0000000080c00000, 0x0000000080c00000|100%| O|  |TAMS 0x0000000080c00000, 0x0000000080c00000| Untracked 
|  12|0x0000000080c00000, 0x0000000080d00000, 0x0000000080d00000|100%| O|  |TAMS 0x0000000080d00000, 0x0000000080d00000| Untracked 
|  13|0x0000000080d00000, 0x0000000080e00000, 0x0000000080e00000|100%| O|  |TAMS 0x0000000080e00000, 0x0000000080e00000| Untracked 
|  14|0x0000000080e00000, 0x0000000080f00000, 0x0000000080f00000|100%| O|  |TAMS 0x0000000080f00000, 0x0000000080f00000| Untracked 
|  15|0x0000000080f00000, 0x0000000081000000, 0x0000000081000000|100%| O|  |TAMS 0x0000000081000000, 0x0000000081000000| Untracked 
|  16|0x0000000081000000, 0x0000000081100000, 0x0000000081100000|100%| O|  |TAMS 0x0000000081100000, 0x0000000081100000| Untracked 
|  17|0x0000000081100000, 0x0000000081200000, 0x0000000081200000|100%| O|  |TAMS 0x0000000081200000, 0x0000000081200000| Untracked 
|  18|0x0000000081200000, 0x0000000081300000, 0x0000000081300000|100%| O|  |TAMS 0x0000000081300000, 0x0000000081300000| Untracked 
|  19|0x0000000081300000, 0x0000000081400000, 0x0000000081400000|100%| O|  |TAMS 0x0000000081400000, 0x0000000081400000| Untracked 
|  20|0x0000000081400000, 0x0000000081500000, 0x0000000081500000|100%| O|  |TAMS 0x0000000081500000, 0x0000000081500000| Untracked 
|  21|0x0000000081500000, 0x0000000081600000, 0x0000000081600000|100%| O|  |TAMS 0x0000000081600000, 0x0000000081600000| Untracked 
|  22|0x0000000081600000, 0x0000000081700000, 0x0000000081700000|100%| O|  |TAMS 0x0000000081700000, 0x0000000081700000| Untracked 
|  23|0x0000000081700000, 0x0000000081800000, 0x0000000081800000|100%| O|  |TAMS 0x0000000081800000, 0x0000000081800000| Untracked 
|  24|0x0000000081800000, 0x0000000081900000, 0x0000000081900000|100%| O|  |TAMS 0x0000000081900000, 0x0000000081900000| Untracked 
|  25|0x0000000081900000, 0x0000000081a00000, 0x0000000081a00000|100%| O|  |TAMS 0x0000000081a00000, 0x0000000081a00000| Untracked 
|  26|0x0000000081a00000, 0x0000000081b00000, 0x0000000081b00000|100%| O|  |TAMS 0x0000000081b00000, 0x0000000081b00000| Untracked 
|  27|0x0000000081b00000, 0x0000000081c00000, 0x0000000081c00000|100%| O|  |TAMS 0x0000000081c00000, 0x0000000081c00000| Untracked 
|  28|0x0000000081c00000, 0x0000000081d00000, 0x0000000081d00000|100%| O|  |TAMS 0x0000000081d00000, 0x0000000081d00000| Untracked 
|  29|0x0000000081d00000, 0x0000000081e00000, 0x0000000081e00000|100%| O|  |TAMS 0x0000000081e00000, 0x0000000081e00000| Untracked 
|  30|0x0000000081e00000, 0x0000000081f00000, 0x0000000081f00000|100%| O|  |TAMS 0x0000000081f00000, 0x0000000081f00000| Untracked 
|  31|0x0000000081f00000, 0x0000000082000000, 0x0000000082000000|100%| O|  |TAMS 0x0000000082000000, 0x0000000082000000| Untracked 
|  32|0x0000000082000000, 0x0000000082100000, 0x0000000082100000|100%| O|  |TAMS 0x0000000082100000, 0x0000000082100000| Untracked 
|  33|0x0000000082100000, 0x0000000082200000, 0x0000000082200000|100%| O|  |TAMS 0x0000000082200000, 0x0000000082200000| Untracked 
|  34|0x0000000082200000, 0x0000000082300000, 0x0000000082300000|100%|HS|  |TAMS 0x0000000082300000, 0x0000000082300000| Complete 
|  35|0x0000000082300000, 0x0000000082400000, 0x0000000082400000|100%|HC|  |TAMS 0x0000000082400000, 0x0000000082400000| Complete 
|  36|0x0000000082400000, 0x0000000082500000, 0x0000000082500000|100%| O|  |TAMS 0x0000000082500000, 0x0000000082500000| Untracked 
|  37|0x0000000082500000, 0x0000000082600000, 0x0000000082600000|100%| O|  |TAMS 0x0000000082600000, 0x0000000082600000| Untracked 
|  38|0x0000000082600000, 0x0000000082700000, 0x0000000082700000|100%|HS|  |TAMS 0x0000000082700000, 0x0000000082700000| Complete 
|  39|0x0000000082700000, 0x0000000082800000, 0x0000000082800000|100%|HC|  |TAMS 0x0000000082800000, 0x0000000082800000| Complete 
|  40|0x0000000082800000, 0x0000000082900000, 0x0000000082900000|100%| O|  |TAMS 0x0000000082900000, 0x0000000082900000| Untracked 
|  41|0x0000000082900000, 0x0000000082a00000, 0x0000000082a00000|100%| O|  |TAMS 0x0000000082a00000, 0x0000000082a00000| Untracked 
|  42|0x0000000082a00000, 0x0000000082b00000, 0x0000000082b00000|100%| O|  |TAMS 0x0000000082b00000, 0x0000000082b00000| Untracked 
|  43|0x0000000082b00000, 0x0000000082c00000, 0x0000000082c00000|100%| O|  |TAMS 0x0000000082b00000, 0x0000000082c00000| Untracked 
|  44|0x0000000082c00000, 0x0000000082d00000, 0x0000000082d00000|100%|HS|  |TAMS 0x0000000082d00000, 0x0000000082d00000| Complete 
|  45|0x0000000082d00000, 0x0000000082e00000, 0x0000000082e00000|100%|HC|  |TAMS 0x0000000082e00000, 0x0000000082e00000| Complete 
|  46|0x0000000082e00000, 0x0000000082f00000, 0x0000000082f00000|100%|HC|  |TAMS 0x0000000082f00000, 0x0000000082f00000| Complete 
|  47|0x0000000082f00000, 0x0000000083000000, 0x0000000083000000|100%|HC|  |TAMS 0x0000000083000000, 0x0000000083000000| Complete 
|  48|0x0000000083000000, 0x0000000083100000, 0x0000000083100000|100%| O|  |TAMS 0x0000000083100000, 0x0000000083100000| Untracked 
|  49|0x0000000083100000, 0x0000000083200000, 0x0000000083200000|100%| O|  |TAMS 0x0000000083200000, 0x0000000083200000| Untracked 
|  50|0x0000000083200000, 0x0000000083300000, 0x0000000083300000|100%| O|  |TAMS 0x0000000083300000, 0x0000000083300000| Untracked 
|  51|0x0000000083300000, 0x0000000083400000, 0x0000000083400000|100%|HS|  |TAMS 0x0000000083400000, 0x0000000083400000| Complete 
|  52|0x0000000083400000, 0x0000000083500000, 0x0000000083500000|100%|HC|  |TAMS 0x0000000083500000, 0x0000000083500000| Complete 
|  53|0x0000000083500000, 0x0000000083600000, 0x0000000083600000|100%|HC|  |TAMS 0x0000000083600000, 0x0000000083600000| Complete 
|  54|0x0000000083600000, 0x0000000083700000, 0x0000000083700000|100%|HC|  |TAMS 0x0000000083700000, 0x0000000083700000| Complete 
|  55|0x0000000083700000, 0x0000000083800000, 0x0000000083800000|100%| O|  |TAMS 0x0000000083800000, 0x0000000083800000| Untracked 
|  56|0x0000000083800000, 0x0000000083900000, 0x0000000083900000|100%| O|  |TAMS 0x0000000083900000, 0x0000000083900000| Untracked 
|  57|0x0000000083900000, 0x0000000083a00000, 0x0000000083a00000|100%| O|  |TAMS 0x0000000083a00000, 0x0000000083a00000| Untracked 
|  58|0x0000000083a00000, 0x0000000083b00000, 0x0000000083b00000|100%| O|  |TAMS 0x0000000083b00000, 0x0000000083b00000| Untracked 
|  59|0x0000000083b00000, 0x0000000083c00000, 0x0000000083c00000|100%| O|  |TAMS 0x0000000083c00000, 0x0000000083c00000| Untracked 
|  60|0x0000000083c00000, 0x0000000083d00000, 0x0000000083d00000|100%| O|  |TAMS 0x0000000083d00000, 0x0000000083d00000| Untracked 
|  61|0x0000000083d00000, 0x0000000083e00000, 0x0000000083e00000|100%| O|  |TAMS 0x0000000083e00000, 0x0000000083e00000| Untracked 
|  62|0x0000000083e00000, 0x0000000083f00000, 0x0000000083f00000|100%|HS|  |TAMS 0x0000000083f00000, 0x0000000083f00000| Complete 
|  63|0x0000000083f00000, 0x0000000084000000, 0x0000000084000000|100%|HS|  |TAMS 0x0000000084000000, 0x0000000084000000| Complete 
|  64|0x0000000084000000, 0x0000000084100000, 0x0000000084100000|100%|HS|  |TAMS 0x0000000084100000, 0x0000000084100000| Complete 
|  65|0x0000000084100000, 0x0000000084200000, 0x0000000084200000|100%| O|  |TAMS 0x0000000084200000, 0x0000000084200000| Untracked 
|  66|0x0000000084200000, 0x0000000084300000, 0x0000000084300000|100%|HS|  |TAMS 0x0000000084300000, 0x0000000084300000| Complete 
|  67|0x0000000084300000, 0x0000000084400000, 0x0000000084400000|100%| O|  |TAMS 0x0000000084400000, 0x0000000084400000| Untracked 
|  68|0x0000000084400000, 0x0000000084500000, 0x0000000084500000|100%| O|  |TAMS 0x0000000084500000, 0x0000000084500000| Untracked 
|  69|0x0000000084500000, 0x0000000084600000, 0x0000000084600000|100%| O|  |TAMS 0x0000000084600000, 0x0000000084600000| Untracked 
|  70|0x0000000084600000, 0x0000000084700000, 0x0000000084700000|100%| O|  |TAMS 0x0000000084700000, 0x0000000084700000| Untracked 
|  71|0x0000000084700000, 0x0000000084800000, 0x0000000084800000|100%| O|  |TAMS 0x0000000084800000, 0x0000000084800000| Untracked 
|  72|0x0000000084800000, 0x0000000084900000, 0x0000000084900000|100%| O|  |TAMS 0x0000000084900000, 0x0000000084900000| Untracked 
|  73|0x0000000084900000, 0x0000000084a00000, 0x0000000084a00000|100%| O|  |TAMS 0x0000000084a00000, 0x0000000084a00000| Untracked 
|  74|0x0000000084a00000, 0x0000000084b00000, 0x0000000084b00000|100%| O|  |TAMS 0x0000000084b00000, 0x0000000084b00000| Untracked 
|  75|0x0000000084b00000, 0x0000000084c00000, 0x0000000084c00000|100%| O|  |TAMS 0x0000000084c00000, 0x0000000084c00000| Untracked 
|  76|0x0000000084c00000, 0x0000000084d00000, 0x0000000084d00000|100%| O|  |TAMS 0x0000000084d00000, 0x0000000084d00000| Untracked 
|  77|0x0000000084d00000, 0x0000000084e00000, 0x0000000084e00000|100%| O|  |TAMS 0x0000000084e00000, 0x0000000084e00000| Untracked 
|  78|0x0000000084e00000, 0x0000000084e00000, 0x0000000084f00000|  0%| F|  |TAMS 0x0000000084e00000, 0x0000000084e00000| Untracked 
|  79|0x0000000084f00000, 0x0000000085000000, 0x0000000085000000|100%| O|  |TAMS 0x0000000085000000, 0x0000000085000000| Untracked 
|  80|0x0000000085000000, 0x0000000085100000, 0x0000000085100000|100%| O|  |TAMS 0x0000000085100000, 0x0000000085100000| Untracked 
|  81|0x0000000085100000, 0x0000000085200000, 0x0000000085200000|100%| O|  |TAMS 0x0000000085200000, 0x0000000085200000| Untracked 
|  82|0x0000000085200000, 0x0000000085300000, 0x0000000085300000|100%| O|  |TAMS 0x0000000085300000, 0x0000000085300000| Untracked 
|  83|0x0000000085300000, 0x0000000085400000, 0x0000000085400000|100%| O|  |TAMS 0x0000000085400000, 0x0000000085400000| Untracked 
|  84|0x0000000085400000, 0x0000000085500000, 0x0000000085500000|100%| O|  |TAMS 0x0000000085500000, 0x0000000085500000| Untracked 
|  85|0x0000000085500000, 0x0000000085600000, 0x0000000085600000|100%| O|  |TAMS 0x000000008557d400, 0x0000000085600000| Untracked 
|  86|0x0000000085600000, 0x0000000085700000, 0x0000000085700000|100%| O|  |TAMS 0x0000000085600000, 0x0000000085700000| Untracked 
|  87|0x0000000085700000, 0x0000000085800000, 0x0000000085800000|100%| O|  |TAMS 0x0000000085700000, 0x0000000085800000| Untracked 
|  88|0x0000000085800000, 0x000000008584d000, 0x0000000085900000| 30%| O|  |TAMS 0x0000000085800000, 0x000000008584d000| Untracked 
|  89|0x0000000085900000, 0x0000000085900000, 0x0000000085a00000|  0%| F|  |TAMS 0x0000000085900000, 0x0000000085900000| Untracked 
|  90|0x0000000085a00000, 0x0000000085a00000, 0x0000000085b00000|  0%| F|  |TAMS 0x0000000085a00000, 0x0000000085a00000| Untracked 
|  91|0x0000000085b00000, 0x0000000085b00000, 0x0000000085c00000|  0%| F|  |TAMS 0x0000000085b00000, 0x0000000085b00000| Untracked 
|  92|0x0000000085c00000, 0x0000000085c00000, 0x0000000085d00000|  0%| F|  |TAMS 0x0000000085c00000, 0x0000000085c00000| Untracked 
|  93|0x0000000085d00000, 0x0000000085d00000, 0x0000000085e00000|  0%| F|  |TAMS 0x0000000085d00000, 0x0000000085d00000| Untracked 
|  94|0x0000000085e00000, 0x0000000085e00000, 0x0000000085f00000|  0%| F|  |TAMS 0x0000000085e00000, 0x0000000085e00000| Untracked 
|  95|0x0000000085f00000, 0x0000000085f00000, 0x0000000086000000|  0%| F|  |TAMS 0x0000000085f00000, 0x0000000085f00000| Untracked 
|  96|0x0000000086000000, 0x0000000086000000, 0x0000000086100000|  0%| F|  |TAMS 0x0000000086000000, 0x0000000086000000| Untracked 
|  97|0x0000000086100000, 0x0000000086100000, 0x0000000086200000|  0%| F|  |TAMS 0x0000000086100000, 0x0000000086100000| Untracked 
|  98|0x0000000086200000, 0x0000000086200000, 0x0000000086300000|  0%| F|  |TAMS 0x0000000086200000, 0x0000000086200000| Untracked 
|  99|0x0000000086300000, 0x0000000086300000, 0x0000000086400000|  0%| F|  |TAMS 0x0000000086300000, 0x0000000086300000| Untracked 
| 100|0x0000000086400000, 0x0000000086400000, 0x0000000086500000|  0%| F|  |TAMS 0x0000000086400000, 0x0000000086400000| Untracked 
| 101|0x0000000086500000, 0x0000000086500000, 0x0000000086600000|  0%| F|  |TAMS 0x0000000086500000, 0x0000000086500000| Untracked 
| 102|0x0000000086600000, 0x0000000086600000, 0x0000000086700000|  0%| F|  |TAMS 0x0000000086600000, 0x0000000086600000| Untracked 
| 103|0x0000000086700000, 0x0000000086700000, 0x0000000086800000|  0%| F|  |TAMS 0x0000000086700000, 0x0000000086700000| Untracked 
| 104|0x0000000086800000, 0x0000000086800000, 0x0000000086900000|  0%| F|  |TAMS 0x0000000086800000, 0x0000000086800000| Untracked 
| 105|0x0000000086900000, 0x0000000086900000, 0x0000000086a00000|  0%| F|  |TAMS 0x0000000086900000, 0x0000000086900000| Untracked 
| 106|0x0000000086a00000, 0x0000000086a00000, 0x0000000086b00000|  0%| F|  |TAMS 0x0000000086a00000, 0x0000000086a00000| Untracked 
| 107|0x0000000086b00000, 0x0000000086b00000, 0x0000000086c00000|  0%| F|  |TAMS 0x0000000086b00000, 0x0000000086b00000| Untracked 
| 108|0x0000000086c00000, 0x0000000086c00000, 0x0000000086d00000|  0%| F|  |TAMS 0x0000000086c00000, 0x0000000086c00000| Untracked 
| 109|0x0000000086d00000, 0x0000000086d00000, 0x0000000086e00000|  0%| F|  |TAMS 0x0000000086d00000, 0x0000000086d00000| Untracked 
| 110|0x0000000086e00000, 0x0000000086e00000, 0x0000000086f00000|  0%| F|  |TAMS 0x0000000086e00000, 0x0000000086e00000| Untracked 
| 111|0x0000000086f00000, 0x0000000086f05758, 0x0000000087000000|  2%| S|CS|TAMS 0x0000000086f00000, 0x0000000086f00000| Complete 
| 112|0x0000000087000000, 0x0000000087100000, 0x0000000087100000|100%| S|CS|TAMS 0x0000000087000000, 0x0000000087000000| Complete 
| 113|0x0000000087100000, 0x0000000087200000, 0x0000000087200000|100%| S|CS|TAMS 0x0000000087100000, 0x0000000087100000| Complete 
| 114|0x0000000087200000, 0x0000000087300000, 0x0000000087300000|100%| S|CS|TAMS 0x0000000087200000, 0x0000000087200000| Complete 
| 115|0x0000000087300000, 0x0000000087300000, 0x0000000087400000|  0%| F|  |TAMS 0x0000000087300000, 0x0000000087300000| Untracked 
| 116|0x0000000087400000, 0x0000000087400000, 0x0000000087500000|  0%| F|  |TAMS 0x0000000087400000, 0x0000000087400000| Untracked 
| 117|0x0000000087500000, 0x0000000087500000, 0x0000000087600000|  0%| F|  |TAMS 0x0000000087500000, 0x0000000087500000| Untracked 
| 118|0x0000000087600000, 0x0000000087600000, 0x0000000087700000|  0%| F|  |TAMS 0x0000000087600000, 0x0000000087600000| Untracked 
| 119|0x0000000087700000, 0x0000000087700000, 0x0000000087800000|  0%| F|  |TAMS 0x0000000087700000, 0x0000000087700000| Untracked 
| 120|0x0000000087800000, 0x0000000087800000, 0x0000000087900000|  0%| F|  |TAMS 0x0000000087800000, 0x0000000087800000| Untracked 
| 121|0x0000000087900000, 0x0000000087900000, 0x0000000087a00000|  0%| F|  |TAMS 0x0000000087900000, 0x0000000087900000| Untracked 
| 122|0x0000000087a00000, 0x0000000087a00000, 0x0000000087b00000|  0%| F|  |TAMS 0x0000000087a00000, 0x0000000087a00000| Untracked 
| 123|0x0000000087b00000, 0x0000000087b00000, 0x0000000087c00000|  0%| F|  |TAMS 0x0000000087b00000, 0x0000000087b00000| Untracked 
| 124|0x0000000087c00000, 0x0000000087c00000, 0x0000000087d00000|  0%| F|  |TAMS 0x0000000087c00000, 0x0000000087c00000| Untracked 
| 125|0x0000000087d00000, 0x0000000087d00000, 0x0000000087e00000|  0%| F|  |TAMS 0x0000000087d00000, 0x0000000087d00000| Untracked 
| 126|0x0000000087e00000, 0x0000000087e00000, 0x0000000087f00000|  0%| F|  |TAMS 0x0000000087e00000, 0x0000000087e00000| Untracked 
| 127|0x0000000087f00000, 0x0000000087f00000, 0x0000000088000000|  0%| F|  |TAMS 0x0000000087f00000, 0x0000000087f00000| Untracked 
| 128|0x0000000088000000, 0x0000000088000000, 0x0000000088100000|  0%| F|  |TAMS 0x0000000088000000, 0x0000000088000000| Untracked 
| 129|0x0000000088100000, 0x0000000088100000, 0x0000000088200000|  0%| F|  |TAMS 0x0000000088100000, 0x0000000088100000| Untracked 
| 130|0x0000000088200000, 0x0000000088200000, 0x0000000088300000|  0%| F|  |TAMS 0x0000000088200000, 0x0000000088200000| Untracked 
| 131|0x0000000088300000, 0x0000000088300000, 0x0000000088400000|  0%| F|  |TAMS 0x0000000088300000, 0x0000000088300000| Untracked 
| 132|0x0000000088400000, 0x0000000088400000, 0x0000000088500000|  0%| F|  |TAMS 0x0000000088400000, 0x0000000088400000| Untracked 
| 133|0x0000000088500000, 0x0000000088500000, 0x0000000088600000|  0%| F|  |TAMS 0x0000000088500000, 0x0000000088500000| Untracked 
| 134|0x0000000088600000, 0x0000000088600000, 0x0000000088700000|  0%| F|  |TAMS 0x0000000088600000, 0x0000000088600000| Untracked 
| 135|0x0000000088700000, 0x0000000088700000, 0x0000000088800000|  0%| F|  |TAMS 0x0000000088700000, 0x0000000088700000| Untracked 
| 136|0x0000000088800000, 0x0000000088800000, 0x0000000088900000|  0%| F|  |TAMS 0x0000000088800000, 0x0000000088800000| Untracked 
| 137|0x0000000088900000, 0x0000000088900000, 0x0000000088a00000|  0%| F|  |TAMS 0x0000000088900000, 0x0000000088900000| Untracked 
| 138|0x0000000088a00000, 0x0000000088a00000, 0x0000000088b00000|  0%| F|  |TAMS 0x0000000088a00000, 0x0000000088a00000| Untracked 
| 139|0x0000000088b00000, 0x0000000088b00000, 0x0000000088c00000|  0%| F|  |TAMS 0x0000000088b00000, 0x0000000088b00000| Untracked 
| 140|0x0000000088c00000, 0x0000000088c00000, 0x0000000088d00000|  0%| F|  |TAMS 0x0000000088c00000, 0x0000000088c00000| Untracked 
| 141|0x0000000088d00000, 0x0000000088d00000, 0x0000000088e00000|  0%| F|  |TAMS 0x0000000088d00000, 0x0000000088d00000| Untracked 
| 142|0x0000000088e00000, 0x0000000088e00000, 0x0000000088f00000|  0%| F|  |TAMS 0x0000000088e00000, 0x0000000088e00000| Untracked 
| 143|0x0000000088f00000, 0x0000000088f00000, 0x0000000089000000|  0%| F|  |TAMS 0x0000000088f00000, 0x0000000088f00000| Untracked 
| 144|0x0000000089000000, 0x0000000089000000, 0x0000000089100000|  0%| F|  |TAMS 0x0000000089000000, 0x0000000089000000| Untracked 
| 145|0x0000000089100000, 0x0000000089100000, 0x0000000089200000|  0%| F|  |TAMS 0x0000000089100000, 0x0000000089100000| Untracked 
| 146|0x0000000089200000, 0x0000000089200000, 0x0000000089300000|  0%| F|  |TAMS 0x0000000089200000, 0x0000000089200000| Untracked 
| 147|0x0000000089300000, 0x0000000089300000, 0x0000000089400000|  0%| F|  |TAMS 0x0000000089300000, 0x0000000089300000| Untracked 
| 148|0x0000000089400000, 0x0000000089400000, 0x0000000089500000|  0%| F|  |TAMS 0x0000000089400000, 0x0000000089400000| Untracked 
| 149|0x0000000089500000, 0x0000000089500000, 0x0000000089600000|  0%| F|  |TAMS 0x0000000089500000, 0x0000000089500000| Untracked 
| 150|0x0000000089600000, 0x0000000089600000, 0x0000000089700000|  0%| F|  |TAMS 0x0000000089600000, 0x0000000089600000| Untracked 
| 151|0x0000000089700000, 0x0000000089700000, 0x0000000089800000|  0%| F|  |TAMS 0x0000000089700000, 0x0000000089700000| Untracked 
| 152|0x0000000089800000, 0x0000000089800000, 0x0000000089900000|  0%| F|  |TAMS 0x0000000089800000, 0x0000000089800000| Untracked 
| 153|0x0000000089900000, 0x0000000089900000, 0x0000000089a00000|  0%| F|  |TAMS 0x0000000089900000, 0x0000000089900000| Untracked 
| 253|0x000000008fd00000, 0x000000008fd00000, 0x000000008fe00000|  0%| F|  |TAMS 0x000000008fd00000, 0x000000008fd00000| Untracked 

Card table byte_map: [0x000001c2bafa0000,0x000001c2bb3a0000] _byte_map_base: 0x000001c2baba0000

Marking Bits (Prev, Next): (CMBitMap*) 0x000001c2a40ba300, (CMBitMap*) 0x000001c2a40ba2c0
 Prev Bits: [0x000001c2bd7a0000, 0x000001c2bf7a0000)
 Next Bits: [0x000001c2bb7a0000, 0x000001c2bd7a0000)

Polling page: 0x000001c2a1ff0000

Metaspace:

Usage:
  Non-class:     64.71 MB used.
      Class:     10.49 MB used.
       Both:     75.20 MB used.

Virtual space:
  Non-class space:       72.00 MB reserved,      65.12 MB ( 90%) committed,  9 nodes.
      Class space:      412.00 MB reserved,      10.81 MB (  3%) committed,  1 nodes.
             Both:      484.00 MB reserved,      75.94 MB ( 16%) committed. 

Chunk freelists:
   Non-Class:  2.85 MB
       Class:  1.20 MB
        Both:  4.05 MB

MaxMetaspaceSize: 512.00 MB
CompressedClassSpaceSize: 412.00 MB
Initial GC threshold: 21.00 MB
Current GC threshold: 122.00 MB
CDS: on
MetaspaceReclaimPolicy: balanced
 - commit_granule_bytes: 65536.
 - commit_granule_words: 8192.
 - virtual_space_node_default_size: 1048576.
 - enlarge_chunks_in_place: 1.
 - new_chunks_are_fully_committed: 0.
 - uncommit_free_chunks: 1.
 - use_allocation_guard: 0.
 - handle_deallocations: 1.


Internal statistics:

num_allocs_failed_limit: 6.
num_arena_births: 932.
num_arena_deaths: 0.
num_vsnodes_births: 10.
num_vsnodes_deaths: 0.
num_space_committed: 1215.
num_space_uncommitted: 0.
num_chunks_returned_to_freelist: 6.
num_chunks_taken_from_freelist: 4118.
num_chunk_merges: 3.
num_chunk_splits: 2723.
num_chunks_enlarged: 1815.
num_purges: 0.
num_inconsistent_stats: 0.

CodeHeap 'non-profiled nmethods': size=120000Kb used=4901Kb max_used=4901Kb free=115098Kb
 bounds [0x000001c2b3340000, 0x000001c2b3810000, 0x000001c2ba870000]
CodeHeap 'profiled nmethods': size=120000Kb used=17018Kb max_used=17018Kb free=102981Kb
 bounds [0x000001c2abe10000, 0x000001c2aceb0000, 0x000001c2b3340000]
CodeHeap 'non-nmethods': size=5760Kb used=2389Kb max_used=2435Kb free=3371Kb
 bounds [0x000001c2ab870000, 0x000001c2abaf0000, 0x000001c2abe10000]
 total_blobs=9447 nmethods=8544 adapters=814
 compilation: enabled
              stopped_count=0, restarted_count=0
 full_count=0

Compilation events (20 events):
Event: 43.423 Thread 0x000001c2c2c166d0 nmethod 9307 0x000001c2acea7410 code [0x000001c2acea7600, 0x000001c2acea7a68]
Event: 43.424 Thread 0x000001c2c2c166d0 9308   !   3       com.sun.beans.introspect.MethodInfo::get (143 bytes)
Event: 43.426 Thread 0x000001c2c2c166d0 nmethod 9308 0x000001c2acea7c90 code [0x000001c2acea7f00, 0x000001c2acea8b58]
Event: 43.426 Thread 0x000001c2c2c166d0 9309       3       org.gradle.internal.metaobject.DynamicInvokeResult::isFound (16 bytes)
Event: 43.427 Thread 0x000001c2c2c166d0 nmethod 9309 0x000001c2acea9010 code [0x000001c2acea91a0, 0x000001c2acea9318]
Event: 43.490 Thread 0x000001c2c2c166d0 9310  s    3       java.io.BufferedInputStream::read (113 bytes)
Event: 43.491 Thread 0x000001c2c2c166d0 nmethod 9310 0x000001c2acea9390 code [0x000001c2acea95c0, 0x000001c2acea9e98]
Event: 43.492 Thread 0x000001c2c2c166d0 9311       3       org.codehaus.groovy.reflection.CachedClass$3::initValue (5 bytes)
Event: 43.492 Thread 0x000001c2c2c166d0 nmethod 9311 0x000001c2aceaa110 code [0x000001c2aceaa2c0, 0x000001c2aceaa408]
Event: 43.492 Thread 0x000001c2c2c166d0 9312       3       org.codehaus.groovy.reflection.CachedClass$3$$Lambda$394/0x0000000800fb6ca0::run (8 bytes)
Event: 43.493 Thread 0x000001c2c2c166d0 nmethod 9312 0x000001c2aceaa490 code [0x000001c2aceaa640, 0x000001c2aceaa788]
Event: 43.493 Thread 0x000001c2c2c166d0 9313       3       org.codehaus.groovy.runtime.metaclass.MetaMethodIndex::addMethodToList (128 bytes)
Event: 43.495 Thread 0x000001c2c2c166d0 nmethod 9313 0x000001c2aceaa890 code [0x000001c2aceaab20, 0x000001c2aceabd08]
Event: 43.502 Thread 0x000001c2c2c166d0 9315       3       java.util.Collections$UnmodifiableCollection::isEmpty (10 bytes)
Event: 43.502 Thread 0x000001c2c2c166d0 nmethod 9315 0x000001c2aceac110 code [0x000001c2aceac2c0, 0x000001c2aceac488]
Event: 43.507 Thread 0x000001c2c2c166d0 9317   !   3       com.sun.beans.finder.ClassFinder::findClass (43 bytes)
Event: 43.508 Thread 0x000001c2c2c166d0 nmethod 9317 0x000001c2aceac590 code [0x000001c2aceac820, 0x000001c2acead498]
Event: 43.508 Thread 0x000001c2c2c166d0 9318       3       java.util.TimSort::gallopLeft (335 bytes)
Event: 43.510 Thread 0x000001c2c2c166d0 nmethod 9318 0x000001c2acead990 code [0x000001c2aceadbc0, 0x000001c2aceae6b8]
Event: 43.510 Thread 0x000001c2c2c166d0 9319       3       com.sun.beans.introspect.EventSetInfo::get (373 bytes)

GC Heap History (20 events):
Event: 36.943 GC heap after
{Heap after GC invocations=28 (full 0):
 garbage-first heap   total 107520K, used 62600K [0x0000000080000000, 0x0000000100000000)
  region size 1024K, 4 young (4096K), 4 survivors (4096K)
 Metaspace       used 59885K, committed 60544K, reserved 479232K
  class space    used 8454K, committed 8768K, reserved 421888K
}
Event: 37.483 GC heap before
{Heap before GC invocations=29 (full 0):
 garbage-first heap   total 114688K, used 87176K [0x0000000080000000, 0x0000000100000000)
  region size 1024K, 28 young (28672K), 4 survivors (4096K)
 Metaspace       used 61229K, committed 61888K, reserved 479232K
  class space    used 8663K, committed 8960K, reserved 421888K
}
Event: 37.492 GC heap after
{Heap after GC invocations=30 (full 0):
 garbage-first heap   total 114688K, used 64361K [0x0000000080000000, 0x0000000100000000)
  region size 1024K, 2 young (2048K), 2 survivors (2048K)
 Metaspace       used 61229K, committed 61888K, reserved 479232K
  class space    used 8663K, committed 8960K, reserved 421888K
}
Event: 38.582 GC heap before
{Heap before GC invocations=30 (full 0):
 garbage-first heap   total 114688K, used 93033K [0x0000000080000000, 0x0000000100000000)
  region size 1024K, 30 young (30720K), 2 survivors (2048K)
 Metaspace       used 63083K, committed 63744K, reserved 479232K
  class space    used 8951K, committed 9280K, reserved 421888K
}
Event: 38.594 GC heap after
{Heap after GC invocations=31 (full 0):
 garbage-first heap   total 152576K, used 66965K [0x0000000080000000, 0x0000000100000000)
  region size 1024K, 4 young (4096K), 4 survivors (4096K)
 Metaspace       used 63083K, committed 63744K, reserved 479232K
  class space    used 8951K, committed 9280K, reserved 421888K
}
Event: 40.306 GC heap before
{Heap before GC invocations=32 (full 0):
 garbage-first heap   total 152576K, used 125333K [0x0000000080000000, 0x0000000100000000)
  region size 1024K, 57 young (58368K), 4 survivors (4096K)
 Metaspace       used 65336K, committed 66112K, reserved 479232K
  class space    used 9294K, committed 9664K, reserved 421888K
}
Event: 40.320 GC heap after
{Heap after GC invocations=33 (full 0):
 garbage-first heap   total 152576K, used 79862K [0x0000000080000000, 0x0000000100000000)
  region size 1024K, 8 young (8192K), 8 survivors (8192K)
 Metaspace       used 65336K, committed 66112K, reserved 479232K
  class space    used 9294K, committed 9664K, reserved 421888K
}
Event: 40.953 GC heap before
{Heap before GC invocations=33 (full 0):
 garbage-first heap   total 152576K, used 119798K [0x0000000080000000, 0x0000000100000000)
  region size 1024K, 48 young (49152K), 8 survivors (8192K)
 Metaspace       used 68672K, committed 69376K, reserved 487424K
  class space    used 9660K, committed 9984K, reserved 421888K
}
Event: 40.960 GC heap after
{Heap after GC invocations=34 (full 0):
 garbage-first heap   total 152576K, used 82439K [0x0000000080000000, 0x0000000100000000)
  region size 1024K, 3 young (3072K), 3 survivors (3072K)
 Metaspace       used 68672K, committed 69376K, reserved 487424K
  class space    used 9660K, committed 9984K, reserved 421888K
}
Event: 41.609 GC heap before
{Heap before GC invocations=35 (full 0):
 garbage-first heap   total 152576K, used 128519K [0x0000000080000000, 0x0000000100000000)
  region size 1024K, 42 young (43008K), 3 survivors (3072K)
 Metaspace       used 71121K, committed 71808K, reserved 487424K
  class space    used 9978K, committed 10304K, reserved 421888K
}
Event: 41.615 GC heap after
{Heap after GC invocations=36 (full 0):
 garbage-first heap   total 152576K, used 86740K [0x0000000080000000, 0x0000000100000000)
  region size 1024K, 6 young (6144K), 6 survivors (6144K)
 Metaspace       used 71121K, committed 71808K, reserved 487424K
  class space    used 9978K, committed 10304K, reserved 421888K
}
Event: 41.631 GC heap before
{Heap before GC invocations=36 (full 0):
 garbage-first heap   total 152576K, used 87764K [0x0000000080000000, 0x0000000100000000)
  region size 1024K, 7 young (7168K), 6 survivors (6144K)
 Metaspace       used 71197K, committed 71872K, reserved 487424K
  class space    used 9986K, committed 10304K, reserved 421888K
}
Event: 41.637 GC heap after
{Heap after GC invocations=37 (full 0):
 garbage-first heap   total 152576K, used 87087K [0x0000000080000000, 0x0000000100000000)
  region size 1024K, 1 young (1024K), 1 survivors (1024K)
 Metaspace       used 71197K, committed 71872K, reserved 487424K
  class space    used 9986K, committed 10304K, reserved 421888K
}
Event: 42.239 GC heap before
{Heap before GC invocations=37 (full 0):
 garbage-first heap   total 152576K, used 122927K [0x0000000080000000, 0x0000000100000000)
  region size 1024K, 36 young (36864K), 1 survivors (1024K)
 Metaspace       used 73739K, committed 74496K, reserved 487424K
  class space    used 10305K, committed 10624K, reserved 421888K
}
Event: 42.244 GC heap after
{Heap after GC invocations=38 (full 0):
 garbage-first heap   total 152576K, used 88327K [0x0000000080000000, 0x0000000100000000)
  region size 1024K, 2 young (2048K), 2 survivors (2048K)
 Metaspace       used 73739K, committed 74496K, reserved 487424K
  class space    used 10305K, committed 10624K, reserved 421888K
}
Event: 42.987 GC heap before
{Heap before GC invocations=39 (full 0):
 garbage-first heap   total 158720K, used 125191K [0x0000000080000000, 0x0000000100000000)
  region size 1024K, 38 young (38912K), 2 survivors (2048K)
 Metaspace       used 76495K, committed 77248K, reserved 495616K
  class space    used 10656K, committed 11008K, reserved 421888K
}
Event: 42.996 GC heap after
{Heap after GC invocations=40 (full 0):
 garbage-first heap   total 158720K, used 90154K [0x0000000080000000, 0x0000000100000000)
  region size 1024K, 4 young (4096K), 4 survivors (4096K)
 Metaspace       used 76495K, committed 77248K, reserved 495616K
  class space    used 10656K, committed 11008K, reserved 421888K
}
Event: 43.082 GC heap before
{Heap before GC invocations=40 (full 0):
 garbage-first heap   total 158720K, used 93226K [0x0000000080000000, 0x0000000100000000)
  region size 1024K, 7 young (7168K), 4 survivors (4096K)
 Metaspace       used 76768K, committed 77504K, reserved 495616K
  class space    used 10703K, committed 11072K, reserved 421888K
}
Event: 43.094 GC heap after
{Heap after GC invocations=41 (full 0):
 garbage-first heap   total 158720K, used 89906K [0x0000000080000000, 0x0000000100000000)
  region size 1024K, 1 young (1024K), 1 survivors (1024K)
 Metaspace       used 76768K, committed 77504K, reserved 495616K
  class space    used 10703K, committed 11072K, reserved 421888K
}
Event: 43.511 GC heap before
{Heap before GC invocations=41 (full 0):
 garbage-first heap   total 158720K, used 129842K [0x0000000080000000, 0x0000000100000000)
  region size 1024K, 40 young (40960K), 1 survivors (1024K)
 Metaspace       used 77003K, committed 77760K, reserved 495616K
  class space    used 10742K, committed 11072K, reserved 421888K
}

Deoptimization events (20 events):
Event: 43.031 Thread 0x000001c2c47ba760 Uncommon trap: trap_request=0xffffffde fr.pc=0x000001c2b35338f8 relative=0x0000000000000258
Event: 43.031 Thread 0x000001c2c47ba760 Uncommon trap: reason=class_check action=maybe_recompile pc=0x000001c2b35338f8 method=java.util.stream.StreamOpFlag.fromCharacteristics(Ljava/util/Spliterator;)I @ 14 c2
Event: 43.031 Thread 0x000001c2c47ba760 DEOPT PACKING pc=0x000001c2b35338f8 sp=0x000000541c0f3930
Event: 43.031 Thread 0x000001c2c47ba760 DEOPT UNPACKING pc=0x000001c2ab8c5c23 sp=0x000000541c0f3818 mode 2
Event: 43.039 Thread 0x000001c2c47ba760 Uncommon trap: trap_request=0xffffffde fr.pc=0x000001c2b35332d4 relative=0x0000000000000234
Event: 43.039 Thread 0x000001c2c47ba760 Uncommon trap: reason=class_check action=maybe_recompile pc=0x000001c2b35332d4 method=java.util.stream.StreamOpFlag.fromCharacteristics(Ljava/util/Spliterator;)I @ 14 c2
Event: 43.039 Thread 0x000001c2c47ba760 DEOPT PACKING pc=0x000001c2b35332d4 sp=0x000000541c0f38b0
Event: 43.039 Thread 0x000001c2c47ba760 DEOPT UNPACKING pc=0x000001c2ab8c5c23 sp=0x000000541c0f3800 mode 2
Event: 43.154 Thread 0x000001c2c47ba760 Uncommon trap: trap_request=0xffffff45 fr.pc=0x000001c2b339220c relative=0x000000000000044c
Event: 43.154 Thread 0x000001c2c47ba760 Uncommon trap: reason=unstable_if action=reinterpret pc=0x000001c2b339220c method=java.util.StringJoiner.add(Ljava/lang/CharSequence;)Ljava/util/StringJoiner; @ 33 c2
Event: 43.154 Thread 0x000001c2c47ba760 DEOPT PACKING pc=0x000001c2b339220c sp=0x000000541c0f31e0
Event: 43.154 Thread 0x000001c2c47ba760 DEOPT UNPACKING pc=0x000001c2ab8c5c23 sp=0x000000541c0f3190 mode 2
Event: 43.162 Thread 0x000001c2c47ba760 Uncommon trap: trap_request=0xffffff45 fr.pc=0x000001c2b369dfc4 relative=0x00000000000006e4
Event: 43.162 Thread 0x000001c2c47ba760 Uncommon trap: reason=unstable_if action=reinterpret pc=0x000001c2b369dfc4 method=com.sun.beans.introspect.MethodInfo$MethodOrder.compare(Ljava/lang/reflect/Method;Ljava/lang/reflect/Method;)I @ 148 c2
Event: 43.162 Thread 0x000001c2c47ba760 DEOPT PACKING pc=0x000001c2b369dfc4 sp=0x000000541c0f3820
Event: 43.162 Thread 0x000001c2c47ba760 DEOPT UNPACKING pc=0x000001c2ab8c5c23 sp=0x000000541c0f3758 mode 2
Event: 43.493 Thread 0x000001c2c47ba760 Uncommon trap: trap_request=0xffffff45 fr.pc=0x000001c2b35a4a64 relative=0x0000000000000f04
Event: 43.493 Thread 0x000001c2c47ba760 Uncommon trap: reason=unstable_if action=reinterpret pc=0x000001c2b35a4a64 method=org.codehaus.groovy.runtime.metaclass.MetaMethodIndex.isOverridden(Lgroovy/lang/MetaMethod;Lgroovy/lang/MetaMethod;)Z @ 52 c2
Event: 43.493 Thread 0x000001c2c47ba760 DEOPT PACKING pc=0x000001c2b35a4a64 sp=0x000000541c0f0640
Event: 43.493 Thread 0x000001c2c47ba760 DEOPT UNPACKING pc=0x000001c2ab8c5c23 sp=0x000000541c0f0598 mode 2

Classes unloaded (0 events):
No events

Classes redefined (0 events):
No events

Internal exceptions (20 events):
Event: 43.404 Thread 0x000001c2c47ba760 Exception <a 'java/lang/ClassNotFoundException'{0x0000000087ee0dd0}: com/android/build/gradle/internal/dsl/SigningConfig$AgpDecorated_DecoratedBeanInfo> (0x0000000087ee0dd0) 
thrown [t:\workspace\open\src\hotspot\share\classfile\systemDictionary.cpp, line 256]
Event: 43.405 Thread 0x000001c2c47ba760 Exception <a 'java/lang/ClassNotFoundException'{0x0000000087ef1ff0}: com/android/build/gradle/internal/dsl/SigningConfig$AgpDecoratedBeanInfo> (0x0000000087ef1ff0) 
thrown [t:\workspace\open\src\hotspot\share\classfile\systemDictionary.cpp, line 256]
Event: 43.406 Thread 0x000001c2c47ba760 Exception <a 'java/lang/ClassNotFoundException'{0x0000000087d03808}: com/android/build/gradle/internal/dsl/SigningConfigBeanInfo> (0x0000000087d03808) 
thrown [t:\workspace\open\src\hotspot\share\classfile\systemDictionary.cpp, line 256]
Event: 43.407 Thread 0x000001c2c47ba760 Exception <a 'java/lang/ClassNotFoundException'{0x0000000087d15748}: com/android/builder/signing/DefaultSigningConfigBeanInfo> (0x0000000087d15748) 
thrown [t:\workspace\open\src\hotspot\share\classfile\systemDictionary.cpp, line 256]
Event: 43.408 Thread 0x000001c2c47ba760 Exception <a 'java/lang/ClassNotFoundException'{0x0000000087d27158}: com/android/builder/signing/DefaultSigningConfigCustomizer> (0x0000000087d27158) 
thrown [t:\workspace\open\src\hotspot\share\classfile\systemDictionary.cpp, line 256]
Event: 43.410 Thread 0x000001c2c47ba760 Exception <a 'java/lang/ClassNotFoundException'{0x0000000087d4ff08}: com/android/build/gradle/internal/dsl/SigningConfigCustomizer> (0x0000000087d4ff08) 
thrown [t:\workspace\open\src\hotspot\share\classfile\systemDictionary.cpp, line 256]
Event: 43.411 Thread 0x000001c2c47ba760 Exception <a 'java/lang/ClassNotFoundException'{0x0000000087d690c0}: com/android/build/gradle/internal/dsl/SigningConfig$AgpDecoratedCustomizer> (0x0000000087d690c0) 
thrown [t:\workspace\open\src\hotspot\share\classfile\systemDictionary.cpp, line 256]
Event: 43.413 Thread 0x000001c2c47ba760 Exception <a 'java/lang/ClassNotFoundException'{0x0000000087d9e7a0}: com/android/build/gradle/internal/dsl/SigningConfig$AgpDecorated_DecoratedCustomizer> (0x0000000087d9e7a0) 
thrown [t:\workspace\open\src\hotspot\share\classfile\systemDictionary.cpp, line 256]
Event: 43.419 Thread 0x000001c2c47ba760 Exception <a 'java/lang/ClassNotFoundException'{0x0000000087c094b0}: build_3osm6ibua2nm3bl5ckiltrji1$_run_closure2$_closure5BeanInfo> (0x0000000087c094b0) 
thrown [t:\workspace\open\src\hotspot\share\classfile\systemDictionary.cpp, line 256]
Event: 43.420 Thread 0x000001c2c47ba760 Exception <a 'java/lang/ClassNotFoundException'{0x0000000087c17218}: build_3osm6ibua2nm3bl5ckiltrji1$_run_closure2$_closure5Customizer> (0x0000000087c17218) 
thrown [t:\workspace\open\src\hotspot\share\classfile\systemDictionary.cpp, line 256]
Event: 43.423 Thread 0x000001c2c47ba760 Exception <a 'java/lang/ClassNotFoundException'{0x0000000087c3e3c0}: build_3osm6ibua2nm3bl5ckiltrji1$_run_closure2BeanInfo> (0x0000000087c3e3c0) 
thrown [t:\workspace\open\src\hotspot\share\classfile\systemDictionary.cpp, line 256]
Event: 43.424 Thread 0x000001c2c47ba760 Exception <a 'java/lang/ClassNotFoundException'{0x0000000087c4c060}: build_3osm6ibua2nm3bl5ckiltrji1$_run_closure2Customizer> (0x0000000087c4c060) 
thrown [t:\workspace\open\src\hotspot\share\classfile\systemDictionary.cpp, line 256]
Event: 43.496 Thread 0x000001c2c47ba760 Exception <a 'java/lang/ClassNotFoundException'{0x000000008743d190}: com/android/build/gradle/internal/dsl/BuildType$AgpDecorated_DecoratedBeanInfo> (0x000000008743d190) 
thrown [t:\workspace\open\src\hotspot\share\classfile\systemDictionary.cpp, line 256]
Event: 43.497 Thread 0x000001c2c47ba760 Exception <a 'java/lang/ClassNotFoundException'{0x000000008744e308}: com/android/build/gradle/internal/dsl/BuildType$AgpDecoratedBeanInfo> (0x000000008744e308) 
thrown [t:\workspace\open\src\hotspot\share\classfile\systemDictionary.cpp, line 256]
Event: 43.497 Thread 0x000001c2c47ba760 Exception <a 'java/lang/ClassNotFoundException'{0x000000008745f310}: com/android/build/gradle/internal/dsl/BuildTypeBeanInfo> (0x000000008745f310) 
thrown [t:\workspace\open\src\hotspot\share\classfile\systemDictionary.cpp, line 256]
Event: 43.498 Thread 0x000001c2c47ba760 Exception <a 'java/lang/ClassNotFoundException'{0x0000000087470398}: com/android/builder/core/AbstractBuildTypeBeanInfo> (0x0000000087470398) 
thrown [t:\workspace\open\src\hotspot\share\classfile\systemDictionary.cpp, line 256]
Event: 43.499 Thread 0x000001c2c47ba760 Exception <a 'java/lang/ClassNotFoundException'{0x0000000087481430}: com/android/builder/core/AbstractBuildTypeCustomizer> (0x0000000087481430) 
thrown [t:\workspace\open\src\hotspot\share\classfile\systemDictionary.cpp, line 256]
Event: 43.500 Thread 0x000001c2c47ba760 Exception <a 'java/lang/ClassNotFoundException'{0x00000000874aec50}: com/android/build/gradle/internal/dsl/BuildTypeCustomizer> (0x00000000874aec50) 
thrown [t:\workspace\open\src\hotspot\share\classfile\systemDictionary.cpp, line 256]
Event: 43.504 Thread 0x000001c2c47ba760 Exception <a 'java/lang/ClassNotFoundException'{0x000000008733cc98}: com/android/build/gradle/internal/dsl/BuildType$AgpDecoratedCustomizer> (0x000000008733cc98) 
thrown [t:\workspace\open\src\hotspot\share\classfile\systemDictionary.cpp, line 256]
Event: 43.507 Thread 0x000001c2c47ba760 Exception <a 'java/lang/ClassNotFoundException'{0x0000000087392e98}: com/android/build/gradle/internal/dsl/BuildType$AgpDecorated_DecoratedCustomizer> (0x0000000087392e98) 
thrown [t:\workspace\open\src\hotspot\share\classfile\systemDictionary.cpp, line 256]

VM Operations (20 events):
Event: 41.615 Executing VM operation: G1CollectForAllocation done
Event: 41.629 Executing VM operation: G1CollectForAllocation
Event: 41.637 Executing VM operation: G1CollectForAllocation done
Event: 42.239 Executing VM operation: G1CollectForAllocation
Event: 42.244 Executing VM operation: G1CollectForAllocation done
Event: 42.350 Executing VM operation: G1Concurrent
Event: 42.365 Executing VM operation: G1Concurrent done
Event: 42.431 Executing VM operation: G1Concurrent
Event: 42.432 Executing VM operation: G1Concurrent done
Event: 42.822 Executing VM operation: ICBufferFull
Event: 42.823 Executing VM operation: ICBufferFull done
Event: 42.986 Executing VM operation: G1CollectForAllocation
Event: 42.996 Executing VM operation: G1CollectForAllocation done
Event: 43.030 Executing VM operation: ICBufferFull
Event: 43.030 Executing VM operation: ICBufferFull done
Event: 43.038 Executing VM operation: ICBufferFull
Event: 43.038 Executing VM operation: ICBufferFull done
Event: 43.080 Executing VM operation: G1CollectForAllocation
Event: 43.094 Executing VM operation: G1CollectForAllocation done
Event: 43.511 Executing VM operation: G1CollectForAllocation

Events (20 events):
Event: 41.318 loading class sun/security/provider/DSA$SHA256withDSA
Event: 41.318 loading class sun/security/provider/DSA$SHA256withDSA done
Event: 41.354 loading class java/util/jar/JarVerifier$VerifierStream
Event: 41.355 loading class java/util/jar/JarVerifier$VerifierStream done
Event: 41.355 loading class sun/security/util/ManifestEntryVerifier$SunProviderHolder
Event: 41.355 loading class sun/security/util/ManifestEntryVerifier$SunProviderHolder done
Event: 41.494 loading class java/security/KeyStore$ProtectionParameter
Event: 41.494 loading class java/security/KeyStore$ProtectionParameter done
Event: 42.044 loading class java/security/KeyStore
Event: 42.045 loading class java/security/KeyStore done
Event: 42.045 loading class java/security/KeyStore$1
Event: 42.048 loading class java/security/KeyStore$1 done
Event: 42.254 loading class javax/xml/stream/XMLStreamException
Event: 42.254 loading class javax/xml/stream/XMLStreamException done
Event: 42.295 loading class sun/reflect/annotation/AnnotationInvocationHandler$1
Event: 42.296 loading class sun/reflect/annotation/AnnotationInvocationHandler$1 done
Event: 43.025 loading class java/util/regex/Pattern$Pos
Event: 43.025 loading class java/util/regex/Pattern$Pos done
Event: 43.344 loading class java/beans/IntrospectionException
Event: 43.344 loading class java/beans/IntrospectionException done


Dynamic libraries:
0x00007ff74c9a0000 - 0x00007ff74c9b0000 	C:\Program Files\Java\jdk-17\bin\java.exe
0x00007fff5c350000 - 0x00007fff5c567000 	C:\WINDOWS\SYSTEM32\ntdll.dll
0x00007fff5aa90000 - 0x00007fff5ab54000 	C:\WINDOWS\System32\KERNEL32.DLL
0x00007fff59b70000 - 0x00007fff59f2a000 	C:\WINDOWS\System32\KERNELBASE.dll
0x00007fff597c0000 - 0x00007fff598d1000 	C:\WINDOWS\System32\ucrtbase.dll
0x00007fff43220000 - 0x00007fff43238000 	C:\Program Files\Java\jdk-17\bin\jli.dll
0x00007fff5a5d0000 - 0x00007fff5a682000 	C:\WINDOWS\System32\ADVAPI32.dll
0x00007fff5ac80000 - 0x00007fff5ad27000 	C:\WINDOWS\System32\msvcrt.dll
0x00007fff5a1f0000 - 0x00007fff5a297000 	C:\WINDOWS\System32\sechost.dll
0x00007fff59620000 - 0x00007fff59648000 	C:\WINDOWS\System32\bcrypt.dll
0x00007fff5ab60000 - 0x00007fff5ac74000 	C:\WINDOWS\System32\RPCRT4.dll
0x00007fff5ad30000 - 0x00007fff5aede000 	C:\WINDOWS\System32\USER32.dll
0x00007fff59790000 - 0x00007fff597b6000 	C:\WINDOWS\System32\win32u.dll
0x00007fff5a0e0000 - 0x00007fff5a109000 	C:\WINDOWS\System32\GDI32.dll
0x00007fff598e0000 - 0x00007fff599fb000 	C:\WINDOWS\System32\gdi32full.dll
0x00007fff59fb0000 - 0x00007fff5a04a000 	C:\WINDOWS\System32\msvcp_win.dll
0x00007fff44750000 - 0x00007fff4476a000 	C:\Program Files\Java\jdk-17\bin\VCRUNTIME140.dll
0x00007fff402e0000 - 0x00007fff40572000 	C:\WINDOWS\WinSxS\amd64_microsoft.windows.common-controls_6595b64144ccf1df_6.0.22621.4541_none_2710d1c57384c085\COMCTL32.dll
0x00007fff50e00000 - 0x00007fff50e0a000 	C:\WINDOWS\SYSTEM32\VERSION.dll
0x00007fff5a8c0000 - 0x00007fff5a8f1000 	C:\WINDOWS\System32\IMM32.DLL
0x00007fff517c0000 - 0x00007fff517cc000 	C:\Program Files\Java\jdk-17\bin\vcruntime140_1.dll
0x00007fff205a0000 - 0x00007fff2062d000 	C:\Program Files\Java\jdk-17\bin\msvcp140.dll
0x00007fff00010000 - 0x00007fff00bce000 	C:\Program Files\Java\jdk-17\bin\server\jvm.dll
0x00007fff5a050000 - 0x00007fff5a058000 	C:\WINDOWS\System32\PSAPI.DLL
0x00007fff373b0000 - 0x00007fff373b9000 	C:\WINDOWS\SYSTEM32\WSOCK32.dll
0x00007fff5c290000 - 0x00007fff5c301000 	C:\WINDOWS\System32\WS2_32.dll
0x00007fff50bb0000 - 0x00007fff50be4000 	C:\WINDOWS\SYSTEM32\WINMM.dll
0x00007fff58750000 - 0x00007fff58768000 	C:\WINDOWS\SYSTEM32\kernel.appcore.dll
0x00007fff51470000 - 0x00007fff5147a000 	C:\Program Files\Java\jdk-17\bin\jimage.dll
0x00007fff57040000 - 0x00007fff57272000 	C:\WINDOWS\SYSTEM32\DBGHELP.DLL
0x00007fff5aee0000 - 0x00007fff5b26f000 	C:\WINDOWS\System32\combase.dll
0x00007fff5a110000 - 0x00007fff5a1e7000 	C:\WINDOWS\System32\OLEAUT32.dll
0x00007fff39e70000 - 0x00007fff39ea2000 	C:\WINDOWS\SYSTEM32\dbgcore.DLL
0x00007fff59f30000 - 0x00007fff59fab000 	C:\WINDOWS\System32\bcryptPrimitives.dll
0x00007fff4e5b0000 - 0x00007fff4e5be000 	C:\Program Files\Java\jdk-17\bin\instrument.dll
0x00007fff36050000 - 0x00007fff36075000 	C:\Program Files\Java\jdk-17\bin\java.dll
0x00007fff06df0000 - 0x00007fff06ec6000 	C:\Program Files\Java\jdk-17\bin\svml.dll
0x00007fff5b9c0000 - 0x00007fff5c238000 	C:\WINDOWS\System32\SHELL32.dll
0x00007fff57570000 - 0x00007fff57e78000 	C:\WINDOWS\SYSTEM32\windows.storage.dll
0x00007fff57430000 - 0x00007fff5756f000 	C:\WINDOWS\SYSTEM32\wintypes.dll
0x00007fff5b270000 - 0x00007fff5b36a000 	C:\WINDOWS\System32\SHCORE.dll
0x00007fff5a860000 - 0x00007fff5a8be000 	C:\WINDOWS\System32\shlwapi.dll
0x00007fff59550000 - 0x00007fff5957b000 	C:\WINDOWS\SYSTEM32\profapi.dll
0x00007fff35f10000 - 0x00007fff35f28000 	C:\Program Files\Java\jdk-17\bin\zip.dll
0x00007fff41ba0000 - 0x00007fff41bb9000 	C:\Program Files\Java\jdk-17\bin\net.dll
0x00007fff51e70000 - 0x00007fff51fa6000 	C:\WINDOWS\SYSTEM32\WINHTTP.dll
0x00007fff58bd0000 - 0x00007fff58c39000 	C:\WINDOWS\system32\mswsock.dll
0x00007fff36030000 - 0x00007fff36045000 	C:\Program Files\Java\jdk-17\bin\nio.dll
0x00007fff50bf0000 - 0x00007fff50c00000 	C:\Program Files\Java\jdk-17\bin\verify.dll
0x00007fff4e5d0000 - 0x00007fff4e5f7000 	C:\Users\RAJAA\.gradle\native\68d5fa5c4cc2d200863cafc0d521ce42e7d3e7ee720ec0a83991735586a16f82\windows-amd64\native-platform.dll
0x00007fff4ca40000 - 0x00007fff4cb84000 	C:\Users\RAJAA\.gradle\native\e376f236ea51e6404a007f0833ffe2c6e607c4080706a723a18a27aeea778392\windows-amd64\native-platform-file-events.dll
0x00007fff4e580000 - 0x00007fff4e589000 	C:\Program Files\Java\jdk-17\bin\management.dll
0x00007fff4df30000 - 0x00007fff4df3b000 	C:\Program Files\Java\jdk-17\bin\management_ext.dll
0x00007fff58e20000 - 0x00007fff58e3b000 	C:\WINDOWS\SYSTEM32\CRYPTSP.dll
0x00007fff586b0000 - 0x00007fff586e5000 	C:\WINDOWS\system32\rsaenh.dll
0x00007fff58cc0000 - 0x00007fff58ce8000 	C:\WINDOWS\SYSTEM32\USERENV.dll
0x00007fff58e40000 - 0x00007fff58e4c000 	C:\WINDOWS\SYSTEM32\CRYPTBASE.dll
0x00007fff58150000 - 0x00007fff5817d000 	C:\WINDOWS\SYSTEM32\IPHLPAPI.DLL
0x00007fff5a5c0000 - 0x00007fff5a5c9000 	C:\WINDOWS\System32\NSI.dll
0x00007fff51140000 - 0x00007fff51159000 	C:\WINDOWS\SYSTEM32\dhcpcsvc6.DLL
0x00007fff51120000 - 0x00007fff5113f000 	C:\WINDOWS\SYSTEM32\dhcpcsvc.DLL
0x00007fff581c0000 - 0x00007fff582c2000 	C:\WINDOWS\SYSTEM32\DNSAPI.dll
0x00007fff4c750000 - 0x00007fff4c75e000 	C:\Program Files\Java\jdk-17\bin\sunmscapi.dll
0x00007fff59a00000 - 0x00007fff59b66000 	C:\WINDOWS\System32\CRYPT32.dll
0x00007fff58fe0000 - 0x00007fff5900d000 	C:\WINDOWS\SYSTEM32\ncrypt.dll
0x00007fff58fa0000 - 0x00007fff58fd7000 	C:\WINDOWS\SYSTEM32\NTASN1.dll
0x00007fff39e30000 - 0x00007fff39e38000 	C:\WINDOWS\system32\wshunix.dll
0x00007fff35ec0000 - 0x00007fff35ed7000 	C:\WINDOWS\system32\napinsp.dll
0x00007fff35ea0000 - 0x00007fff35ebb000 	C:\WINDOWS\system32\pnrpnsp.dll
0x00007fff35e80000 - 0x00007fff35e91000 	C:\WINDOWS\System32\winrnr.dll
0x00007fff35e60000 - 0x00007fff35e75000 	C:\WINDOWS\system32\wshbth.dll
0x00007fff35e30000 - 0x00007fff35e57000 	C:\WINDOWS\system32\nlansp_c.dll
0x00007fff50e10000 - 0x00007fff50e1a000 	C:\Windows\System32\rasadhlp.dll
0x00007fff50910000 - 0x00007fff50993000 	C:\WINDOWS\System32\fwpuclnt.dll

dbghelp: loaded successfully - version: 4.0.5 - missing functions: none
symbol engine: initialized successfully - sym options: 0x614 - pdb path: .;C:\Program Files\Java\jdk-17\bin;C:\WINDOWS\SYSTEM32;C:\WINDOWS\WinSxS\amd64_microsoft.windows.common-controls_6595b64144ccf1df_6.0.22621.4541_none_2710d1c57384c085;C:\Program Files\Java\jdk-17\bin\server;C:\Users\RAJAA\.gradle\native\68d5fa5c4cc2d200863cafc0d521ce42e7d3e7ee720ec0a83991735586a16f82\windows-amd64;C:\Users\RAJAA\.gradle\native\e376f236ea51e6404a007f0833ffe2c6e607c4080706a723a18a27aeea778392\windows-amd64

VM Arguments:
jvm_args: -XX:MaxMetaspaceSize=512m --add-opens=java.base/java.util=ALL-UNNAMED --add-opens=java.base/java.lang=ALL-UNNAMED --add-opens=java.base/java.lang.invoke=ALL-UNNAMED --add-opens=java.prefs/java.util.prefs=ALL-UNNAMED --add-opens=java.base/java.nio.charset=ALL-UNNAMED --add-opens=java.base/java.net=ALL-UNNAMED --add-opens=java.base/java.util.concurrent.atomic=ALL-UNNAMED -Xmx2048m -Dfile.encoding=windows-1252 -Duser.country=MA -Duser.language=fr -Duser.variant -javaagent:C:\Users\RAJAA\.gradle\wrapper\dists\gradle-8.3-all\6en3ugtfdg5xnpx44z4qbwgas\gradle-8.3\lib\agents\gradle-instrumentation-agent-8.3.jar 
java_command: org.gradle.launcher.daemon.bootstrap.GradleDaemon 8.3
java_class_path (initial): C:\Users\RAJAA\.gradle\wrapper\dists\gradle-8.3-all\6en3ugtfdg5xnpx44z4qbwgas\gradle-8.3\lib\gradle-launcher-8.3.jar
Launcher Type: SUN_STANDARD

[Global flags]
     intx CICompilerCount                          = 4                                         {product} {ergonomic}
   size_t CompressedClassSpaceSize                 = 432013312                                 {product} {ergonomic}
     uint ConcGCThreads                            = 2                                         {product} {ergonomic}
     uint G1ConcRefinementThreads                  = 8                                         {product} {ergonomic}
   size_t G1HeapRegionSize                         = 1048576                                   {product} {ergonomic}
    uintx GCDrainStackTargetSize                   = 64                                        {product} {ergonomic}
   size_t InitialHeapSize                          = 266338304                                 {product} {ergonomic}
   size_t MarkStackSize                            = 4194304                                   {product} {ergonomic}
   size_t MaxHeapSize                              = 2147483648                                {product} {command line}
   size_t MaxMetaspaceSize                         = 536870912                                 {product} {command line}
   size_t MaxNewSize                               = 1287651328                                {product} {ergonomic}
   size_t MinHeapDeltaBytes                        = 1048576                                   {product} {ergonomic}
   size_t MinHeapSize                              = 8388608                                   {product} {ergonomic}
    uintx NonNMethodCodeHeapSize                   = 5839372                                {pd product} {ergonomic}
    uintx NonProfiledCodeHeapSize                  = 122909434                              {pd product} {ergonomic}
    uintx ProfiledCodeHeapSize                     = 122909434                              {pd product} {ergonomic}
    uintx ReservedCodeCacheSize                    = 251658240                              {pd product} {ergonomic}
     bool SegmentedCodeCache                       = true                                      {product} {ergonomic}
   size_t SoftMaxHeapSize                          = 2147483648                             {manageable} {ergonomic}
     bool UseCompressedClassPointers               = true                           {product lp64_product} {ergonomic}
     bool UseCompressedOops                        = true                           {product lp64_product} {ergonomic}
     bool UseG1GC                                  = true                                      {product} {ergonomic}
     bool UseLargePagesIndividualAllocation        = false                                  {pd product} {ergonomic}

Logging:
Log output configuration:
 #0: stdout all=warning uptime,level,tags
 #1: stderr all=off uptime,level,tags

Environment Variables:
JAVA_HOME=C:\Program Files\Java\jdk-17
CLASSPATH=C:\Users\RAJAA\Documents\Slimane\save_panier_v1\ForsaPlus\android\\gradle\wrapper\gradle-wrapper.jar
PATH=C:\Users\RAJAA\Documents\Slimane\save_panier_v1\ForsaPlus\node_modules\.bin;C:\Users\RAJAA\Documents\Slimane\save_panier_v1\ForsaPlus\node_modules\.bin;C:\Users\RAJAA\Documents\Slimane\save_panier_v1\node_modules\.bin;C:\Users\RAJAA\Documents\Slimane\node_modules\.bin;C:\Users\RAJAA\Documents\node_modules\.bin;C:\Users\RAJAA\node_modules\.bin;C:\Users\node_modules\.bin;C:\node_modules\.bin;C:\Program Files\nodejs\node_modules\npm\node_modules\@npmcli\run-script\lib\node-gyp-bin;C:\Users\RAJAA\Documents\Slimane\save_panier_v1\ForsaPlus\node_modules\.bin\node_modules\.bin;C:\Users\RAJAA\Documents\Slimane\save_panier_v1\ForsaPlus\node_modules\node_modules\.bin;C:\Users\RAJAA\Documents\Slimane\save_panier_v1\ForsaPlus\node_modules\.bin;C:\Users\RAJAA\Documents\Slimane\save_panier_v1\node_modules\.bin;C:\Users\RAJAA\Documents\Slimane\node_modules\.bin;C:\Users\RAJAA\Documents\node_modules\.bin;C:\Users\RAJAA\node_modules\.bin;C:\Users\node_modules\.bin;C:\node_modules\.bin;C:\Program Files\nodejs;C:\Users\RAJAA\Documents\Slimane\save_panier_v1\ForsaPlus\node_modules\.bin;C:\Users\RAJAA\Documents\Slimane\save_panier_v1\node_modules\.bin;C:\Users\RAJAA\Documents\Slimane\node_modules\.bin;C:\Users\RAJAA\Documents\node_modules\.bin;C:\Users\RAJAA\node_modules\.bin;C:\Users\node_modules\.bin;C:\node_modules\.bin;C:\Program Files\nodejs\node_modules\npm\node_modules\@npmcli\run-script\lib\node-gyp-bin;C:\Program Files\Common Files\Oracle\Java\javapath;C:\WINDOWS\system32;C:\WINDOWS;C:\WINDOWS\System32\Wbem;C:\WINDOWS\System32\WindowsPowerShell\v1.0\;C:\WINDOWS\System32\OpenSSH\;C:\Program Files\nodejs\;C:\Program Files\Git\cmd;C:\Program Files\Amazon\AWSCLIV2\;C:\Program Files (x86)\PostgreSQL\pgJDBC;C:\Program Files\PostgreSQL\17\bin;C:\Users\RAJAA\AppData\Local\Microsoft\WindowsApps;C:\Users\RAJAA\AppData\Roaming\npm;C:\Users\RAJAA\AppData\Local\Programs\Microsoft VS Code\bin;C:\Program Files\MongoDB\Server\8.0\bin;C:\Users\RAJAA\Documents\Slimane\platform-tools;;c:\
USERNAME=RAJAA
LANG=en_US.UTF-8
OS=Windows_NT
PROCESSOR_IDENTIFIER=Intel64 Family 6 Model 140 Stepping 2, GenuineIntel



---------------  S Y S T E M  ---------------

OS:
 Windows 10 , 64 bit Build 22621 (10.0.22621.4391)
OS uptime: 1 days 5:26 hours

CPU: total 8 (initial active 8) (4 cores per cpu, 2 threads per core) family 6 model 140 stepping 2 microcode 0x16, cx8, cmov, fxsr, ht, mmx, 3dnowpref, sse, sse2, sse3, ssse3, sse4.1, sse4.2, popcnt, lzcnt, tsc, tscinvbit, avx, avx2, aes, erms, clmul, bmi1, bmi2, adx, avx512f, avx512dq, avx512cd, avx512bw, avx512vl, sha, fma, vzeroupper, avx512_vpopcntdq, avx512_vpclmulqdq, avx512_vaes, avx512_vnni, clflush, clflushopt, clwb, avx512_vbmi2, avx512_vbmi

Memory: 4k page, system-wide physical 16167M (341M free)
TotalPageFile size 65319M (AvailPageFile size 59M)
current process WorkingSet (physical memory assigned to process): 380M, peak: 381M
current process commit charge ("private bytes"): 423M, peak: 522M

vm_info: Java HotSpot(TM) 64-Bit Server VM (17+35-LTS-2724) for windows-amd64 JRE (17+35-LTS-2724), built on Aug  5 2021 23:28:28 by "mach5one" with MS VC++ 16.8 (VS2019)

END.
